CRITICAL - 2022-06-01 00:08:18 --> strpos(): Empty needle
#0 [internal function]: CodeIgniter\Debug\Exceptions->errorHandler(2, 'strpos(): Empty...', 'C:\\laragon\\www\\...', 996, Array)
#1 C:\laragon\www\CT_prueba\system\Router\RouteCollection.php(996): strpos('App\\Controllers...', '')
#2 C:\laragon\www\CT_prueba\system\Common.php(882): CodeIgniter\Router\RouteCollection->reverseRoute('')
#3 C:\laragon\www\CT_prueba\app\Views\user\layout\header.php(18): route_to('')
#4 C:\laragon\www\CT_prueba\system\View\View.php(210): include('C:\\laragon\\www\\...')
#5 C:\laragon\www\CT_prueba\system\View\View.php(213): CodeIgniter\View\View->CodeIgniter\View\{closure}()
#6 C:\laragon\www\CT_prueba\system\View\View.php(424): CodeIgniter\View\View->render('user/layout/hea...', NULL, true)
#7 C:\laragon\www\CT_prueba\app\Views\user\main.php(14): CodeIgniter\View\View->include('user/layout/hea...')
#8 C:\laragon\www\CT_prueba\system\View\View.php(210): include('C:\\laragon\\www\\...')
#9 C:\laragon\www\CT_prueba\system\View\View.php(213): CodeIgniter\View\View->CodeIgniter\View\{closure}()
#10 C:\laragon\www\CT_prueba\system\View\View.php(226): CodeIgniter\View\View->render('user/main', Array, true)
#11 C:\laragon\www\CT_prueba\system\Common.php(1089): CodeIgniter\View\View->render('user/home', Array, true)
#12 C:\laragon\www\CT_prueba\app\Controllers\User\User.php(11): view('user/home')
#13 C:\laragon\www\CT_prueba\system\CodeIgniter.php(832): App\Controllers\User\User->index()
#14 C:\laragon\www\CT_prueba\system\CodeIgniter.php(419): CodeIgniter\CodeIgniter->runController(Object(App\Controllers\User\User))
#15 C:\laragon\www\CT_prueba\system\CodeIgniter.php(326): CodeIgniter\CodeIgniter->handleRequest(NULL, Object(Config\Cache), false)
#16 C:\laragon\www\CT_prueba\public\index.php(37): CodeIgniter\CodeIgniter->run()
#17 {main}
ERROR - 2022-06-01 11:02:07 --> Duplicate entry 'dtdimasamaya1' for key 'usuario'
ERROR - 2022-06-01 11:02:51 --> Duplicate entry 'brayan@gmail.com' for key 'email'
CRITICAL - 2022-06-01 12:09:06 --> Call to undefined function App\Controllers\Admin\findAll()
#0 C:\laragon\www\CT_prueba\system\CodeIgniter.php(832): App\Controllers\Admin\Admin->buscarUsuario()
#1 C:\laragon\www\CT_prueba\system\CodeIgniter.php(419): CodeIgniter\CodeIgniter->runController(Object(App\Controllers\Admin\Admin))
#2 C:\laragon\www\CT_prueba\system\CodeIgniter.php(326): CodeIgniter\CodeIgniter->handleRequest(NULL, Object(Config\Cache), false)
#3 C:\laragon\www\CT_prueba\public\index.php(37): CodeIgniter\CodeIgniter->run()
#4 {main}
CRITICAL - 2022-06-01 12:53:43 --> syntax error, unexpected 'if' (T_IF)
#0 C:\laragon\www\CT_prueba\system\View\View.php(213): CodeIgniter\View\View->CodeIgniter\View\{closure}()
#1 C:\laragon\www\CT_prueba\system\Common.php(1089): CodeIgniter\View\View->render('admin/buscarUsu...', Array, true)
#2 C:\laragon\www\CT_prueba\app\Controllers\Admin\Admin.php(26): view('admin/buscarUsu...', Array)
#3 C:\laragon\www\CT_prueba\system\CodeIgniter.php(832): App\Controllers\Admin\Admin->buscarUsuario()
#4 C:\laragon\www\CT_prueba\system\CodeIgniter.php(419): CodeIgniter\CodeIgniter->runController(Object(App\Controllers\Admin\Admin))
#5 C:\laragon\www\CT_prueba\system\CodeIgniter.php(326): CodeIgniter\CodeIgniter->handleRequest(NULL, Object(Config\Cache), false)
#6 C:\laragon\www\CT_prueba\public\index.php(37): CodeIgniter\CodeIgniter->run()
#7 {main}
CRITICAL - 2022-06-01 12:54:11 --> syntax error, unexpected 'if' (T_IF)
#0 C:\laragon\www\CT_prueba\system\View\View.php(213): CodeIgniter\View\View->CodeIgniter\View\{closure}()
#1 C:\laragon\www\CT_prueba\system\Common.php(1089): CodeIgniter\View\View->render('admin/buscarUsu...', Array, true)
#2 C:\laragon\www\CT_prueba\app\Controllers\Admin\Admin.php(26): view('admin/buscarUsu...', Array)
#3 C:\laragon\www\CT_prueba\system\CodeIgniter.php(832): App\Controllers\Admin\Admin->buscarUsuario()
#4 C:\laragon\www\CT_prueba\system\CodeIgniter.php(419): CodeIgniter\CodeIgniter->runController(Object(App\Controllers\Admin\Admin))
#5 C:\laragon\www\CT_prueba\system\CodeIgniter.php(326): CodeIgniter\CodeIgniter->handleRequest(NULL, Object(Config\Cache), false)
#6 C:\laragon\www\CT_prueba\public\index.php(37): CodeIgniter\CodeIgniter->run()
#7 {main}
CRITICAL - 2022-06-01 12:56:13 --> syntax error, unexpected 'if' (T_IF)
#0 C:\laragon\www\CT_prueba\system\View\View.php(213): CodeIgniter\View\View->CodeIgniter\View\{closure}()
#1 C:\laragon\www\CT_prueba\system\Common.php(1089): CodeIgniter\View\View->render('admin/buscarUsu...', Array, true)
#2 C:\laragon\www\CT_prueba\app\Controllers\Admin\Admin.php(26): view('admin/buscarUsu...', Array)
#3 C:\laragon\www\CT_prueba\system\CodeIgniter.php(832): App\Controllers\Admin\Admin->buscarUsuario()
#4 C:\laragon\www\CT_prueba\system\CodeIgniter.php(419): CodeIgniter\CodeIgniter->runController(Object(App\Controllers\Admin\Admin))
#5 C:\laragon\www\CT_prueba\system\CodeIgniter.php(326): CodeIgniter\CodeIgniter->handleRequest(NULL, Object(Config\Cache), false)
#6 C:\laragon\www\CT_prueba\public\index.php(37): CodeIgniter\CodeIgniter->run()
#7 {main}
